<?xml version="1.0" encoding="UTF-8"?>
<!-- Generated by org.testng.reporters.JUnitReportReporter -->
<testsuite skipped="0" hostname="Madnis-PC" name="testScripts.Rediff_Login" tests="1" failures="0" timestamp="31 Mar 2018 05:17:59 GMT" time="2.571" errors="0">
  <testcase name="login" time="2.571" classname="testScripts.Rediff_Login"/>
</testsuite> <!-- testScripts.Rediff_Login -->
